2021-02-10 19:32:28,325 INFO Set uid to user 0 succeeded
2021-02-10 19:32:28,332 INFO supervisord started with pid 17
2021-02-10 19:32:29,345 INFO spawned: 'php' with pid 19
2021-02-10 19:32:30,358 INFO success: php entered RUNNING state, process has stayed up for > than 1 seconds (startsecs)
2021-02-12 15:19:29,072 INFO Set uid to user 0 succeeded
2021-02-12 15:19:29,082 INFO supervisord started with pid 17
2021-02-12 15:19:30,092 INFO spawned: 'php' with pid 19
2021-02-12 15:19:31,097 INFO success: php entered RUNNING state, process has stayed up for > than 1 seconds (startsecs)
2021-02-16 16:43:32,608 INFO Set uid to user 0 succeeded
2021-02-16 16:43:32,616 INFO supervisord started with pid 16
2021-02-16 16:43:33,620 INFO spawned: 'php' with pid 18
2021-02-16 16:43:34,623 INFO success: php entered RUNNING state, process has stayed up for > than 1 seconds (startsecs)
2021-02-17 20:26:17,879 INFO exited: php (exit status 255; not expected)
2021-02-17 20:26:18,938 INFO spawned: 'php' with pid 518
2021-02-17 20:26:19,053 INFO exited: php (exit status 1; not expected)
2021-02-17 20:26:20,064 INFO spawned: 'php' with pid 519
2021-02-17 20:26:20,099 INFO exited: php (exit status 1; not expected)
2021-02-17 20:26:22,108 INFO spawned: 'php' with pid 520
2021-02-17 20:26:22,144 INFO exited: php (exit status 1; not expected)
2021-02-17 20:26:25,156 INFO spawned: 'php' with pid 521
2021-02-17 20:26:25,192 INFO exited: php (exit status 1; not expected)
2021-02-17 20:26:26,194 INFO gave up: php entered FATAL state, too many start retries too quickly
2021-02-17 21:17:31,973 INFO Set uid to user 0 succeeded
2021-02-17 21:17:31,980 INFO supervisord started with pid 17
2021-02-17 21:17:32,986 INFO spawned: 'php' with pid 19
2021-02-17 21:17:33,990 INFO success: php entered RUNNING state, process has stayed up for > than 1 seconds (startsecs)
2021-02-17 21:22:48,316 INFO Set uid to user 0 succeeded
2021-02-17 21:22:48,321 INFO supervisord started with pid 17
2021-02-17 21:22:49,326 INFO spawned: 'php' with pid 19
2021-02-17 21:22:50,330 INFO success: php entered RUNNING state, process has stayed up for > than 1 seconds (startsecs)
2021-03-01 21:27:18,200 INFO Set uid to user 0 succeeded
2021-03-01 21:27:18,209 INFO supervisord started with pid 11
2021-03-01 21:27:19,212 INFO spawned: 'php' with pid 13
2021-03-01 21:27:20,214 INFO success: php entered RUNNING state, process has stayed up for > than 1 seconds (startsecs)
2021-03-08 17:36:56,273 INFO Set uid to user 0 succeeded
2021-03-08 17:36:56,281 INFO supervisord started with pid 17
2021-03-08 17:36:57,287 INFO spawned: 'php' with pid 19
2021-03-08 17:36:58,291 INFO success: php entered RUNNING state, process has stayed up for > than 1 seconds (startsecs)
